{"contracts/Raffle.sol":{"l":{"71":3,"72":3,"73":3,"74":3,"75":3,"76":3,"77":3,"78":3,"84":5,"85":1,"87":4,"88":1,"90":3,"93":3,"115":1,"116":1,"117":1,"118":1,"119":1,"125":1,"126":1,"127":0,"135":1,"136":1,"144":1,"151":0,"152":0,"153":0,"154":0,"155":0,"156":0,"157":0,"158":0,"159":0,"161":0,"166":5,"170":1,"174":0,"178":1,"182":0,"186":0,"190":0,"194":0,"198":5},"path":"/home/marcx/Web3/hardhat-lottery/contracts/Raffle.sol","s":{"1":5,"2":4,"3":3,"4":3,"5":1,"6":1,"7":1,"8":1,"9":1,"10":1,"11":1,"12":1,"13":0,"14":0,"15":0,"16":0,"17":0,"18":5,"19":1,"20":0,"21":1,"22":0,"23":0,"24":0,"25":0,"26":5},"b":{"1":[1,4],"2":[1,3],"3":[0,1],"4":[0,0]},"f":{"1":3,"2":5,"3":1,"4":1,"5":0,"6":5,"7":1,"8":0,"9":1,"10":0,"11":0,"12":0,"13":0,"14":5},"fnMap":{"1":{"name":"constructor","line":70,"loc":{"start":{"line":63,"column":4},"end":{"line":79,"column":4}}},"2":{"name":"enterRaffle","line":81,"loc":{"start":{"line":81,"column":4},"end":{"line":94,"column":4}}},"3":{"name":"checkUpkeep","line":105,"loc":{"start":{"line":105,"column":4},"end":{"line":120,"column":4}}},"4":{"name":"performUpkeep","line":122,"loc":{"start":{"line":122,"column":4},"end":{"line":145,"column":4}}},"5":{"name":"fulfillRandomWords","line":147,"loc":{"start":{"line":147,"column":4},"end":{"line":162,"column":4}}},"6":{"name":"getEntranceFee","line":165,"loc":{"start":{"line":165,"column":4},"end":{"line":167,"column":4}}},"7":{"name":"getPlayers","line":169,"loc":{"start":{"line":169,"column":4},"end":{"line":171,"column":4}}},"8":{"name":"getRecentWinner","line":173,"loc":{"start":{"line":173,"column":4},"end":{"line":175,"column":4}}},"9":{"name":"getRaffleState","line":177,"loc":{"start":{"line":177,"column":4},"end":{"line":179,"column":4}}},"10":{"name":"getNumWords","line":181,"loc":{"start":{"line":181,"column":4},"end":{"line":183,"column":4}}},"11":{"name":"getNumberOfPlayers","line":185,"loc":{"start":{"line":185,"column":4},"end":{"line":187,"column":4}}},"12":{"name":"getLatestTimeStamp","line":189,"loc":{"start":{"line":189,"column":4},"end":{"line":191,"column":4}}},"13":{"name":"getRequestConfirmations","line":193,"loc":{"start":{"line":193,"column":4},"end":{"line":195,"column":4}}},"14":{"name":"getInterval","line":197,"loc":{"start":{"line":197,"column":4},"end":{"line":199,"column":4}}}},"statementMap":{"1":{"start":{"line":84,"column":8},"end":{"line":84,"column":2560}},"2":{"start":{"line":87,"column":8},"end":{"line":87,"column":2661}},"3":{"start":{"line":90,"column":8},"end":{"line":90,"column":42}},"4":{"start":{"line":93,"column":8},"end":{"line":93,"column":36}},"5":{"start":{"line":115,"column":8},"end":{"line":115,"column":57}},"6":{"start":{"line":116,"column":8},"end":{"line":116,"column":76}},"7":{"start":{"line":117,"column":8},"end":{"line":117,"column":48}},"8":{"start":{"line":118,"column":8},"end":{"line":118,"column":51}},"9":{"start":{"line":125,"column":8},"end":{"line":125,"column":47}},"10":{"start":{"line":126,"column":8},"end":{"line":126,"column":3993}},"11":{"start":{"line":136,"column":8},"end":{"line":136,"column":4322}},"12":{"start":{"line":144,"column":8},"end":{"line":144,"column":45}},"13":{"start":{"line":151,"column":8},"end":{"line":151,"column":65}},"14":{"start":{"line":152,"column":8},"end":{"line":152,"column":63}},"15":{"start":{"line":157,"column":8},"end":{"line":157,"column":78}},"16":{"start":{"line":158,"column":8},"end":{"line":158,"column":5103}},"17":{"start":{"line":161,"column":8},"end":{"line":161,"column":39}},"18":{"start":{"line":166,"column":8},"end":{"line":166,"column":28}},"19":{"start":{"line":170,"column":8},"end":{"line":170,"column":31}},"20":{"start":{"line":174,"column":8},"end":{"line":174,"column":29}},"21":{"start":{"line":178,"column":8},"end":{"line":178,"column":28}},"22":{"start":{"line":182,"column":8},"end":{"line":182,"column":24}},"23":{"start":{"line":186,"column":8},"end":{"line":186,"column":31}},"24":{"start":{"line":190,"column":8},"end":{"line":190,"column":30}},"25":{"start":{"line":194,"column":8},"end":{"line":194,"column":36}},"26":{"start":{"line":198,"column":8},"end":{"line":198,"column":25}}},"branchMap":{"1":{"line":84,"type":"if","locations":[{"start":{"line":84,"column":8},"end":{"line":84,"column":8}},{"start":{"line":84,"column":8},"end":{"line":84,"column":8}}]},"2":{"line":87,"type":"if","locations":[{"start":{"line":87,"column":8},"end":{"line":87,"column":8}},{"start":{"line":87,"column":8},"end":{"line":87,"column":8}}]},"3":{"line":126,"type":"if","locations":[{"start":{"line":126,"column":8},"end":{"line":126,"column":8}},{"start":{"line":126,"column":8},"end":{"line":126,"column":8}}]},"4":{"line":158,"type":"if","locations":[{"start":{"line":158,"column":8},"end":{"line":158,"column":8}},{"start":{"line":158,"column":8},"end":{"line":158,"column":8}}]}}},"contracts/test/VRFCoordinatorV2Mock.sol":{"l":{},"path":"/home/marcx/Web3/hardhat-lottery/contracts/test/VRFCoordinatorV2Mock.sol","s":{},"b":{},"f":{},"fnMap":{},"statementMap":{},"branchMap":{}}}