TN:
SF:/home/marcx/Web3/hardhat-lottery/contracts/Raffle.sol
FN:70,constructor
FN:81,enterRaffle
FN:105,checkUpkeep
FN:122,performUpkeep
FN:147,fulfillRandomWords
FN:165,getEntranceFee
FN:169,getPlayers
FN:173,getRecentWinner
FN:177,getRaffleState
FN:181,getNumWords
FN:185,getNumberOfPlayers
FN:189,getLatestTimeStamp
FN:193,getRequestConfirmations
FN:197,getInterval
FNF:14
FNH:8
FNDA:3,constructor
FNDA:5,enterRaffle
FNDA:1,checkUpkeep
FNDA:1,performUpkeep
FNDA:0,fulfillRandomWords
FNDA:5,getEntranceFee
FNDA:1,getPlayers
FNDA:0,getRecentWinner
FNDA:1,getRaffleState
FNDA:0,getNumWords
FNDA:0,getNumberOfPlayers
FNDA:0,getLatestTimeStamp
FNDA:0,getRequestConfirmations
FNDA:5,getInterval
DA:71,3
DA:72,3
DA:73,3
DA:74,3
DA:75,3
DA:76,3
DA:77,3
DA:78,3
DA:84,5
DA:85,1
DA:87,4
DA:88,1
DA:90,3
DA:93,3
DA:115,1
DA:116,1
DA:117,1
DA:118,1
DA:119,1
DA:125,1
DA:126,1
DA:127,0
DA:135,1
DA:136,1
DA:144,1
DA:151,0
DA:152,0
DA:153,0
DA:154,0
DA:155,0
DA:156,0
DA:157,0
DA:158,0
DA:159,0
DA:161,0
DA:166,5
DA:170,1
DA:174,0
DA:178,1
DA:182,0
DA:186,0
DA:190,0
DA:194,0
DA:198,5
LF:44
LH:28
BRDA:84,1,0,1
BRDA:84,1,1,4
BRDA:87,2,0,1
BRDA:87,2,1,3
BRDA:126,3,0,0
BRDA:126,3,1,1
BRDA:158,4,0,0
BRDA:158,4,1,0
BRF:8
BRH:5
end_of_record
TN:
SF:/home/marcx/Web3/hardhat-lottery/contracts/test/VRFCoordinatorV2Mock.sol
FNF:0
FNH:0
LF:0
LH:0
BRF:0
BRH:0
end_of_record
